<?xml version="1.0" encoding="UTF-8"?>
<testng-results ignored="0" total="2" passed="2" failed="0" skipped="0">
  <reporter-output>
  </reporter-output>
  <suite started-at="2023-08-29T10:14:17 IST" name="Default suite" finished-at="2023-08-29T10:14:17 IST" duration-ms="96">
    <groups>
    </groups>
    <test started-at="2023-08-29T10:14:17 IST" name="Default test" finished-at="2023-08-29T10:14:17 IST" duration-ms="96">
      <class name="Pratice.Demo1Test">
        <test-method signature="Demo1Test()[pri:0, instance:Pratice.Demo1Test@63a12c68]" started-at="2023-08-29T10:14:17 IST" name="Demo1Test" finished-at="2023-08-29T10:14:17 IST" duration-ms="14" status="PASS">
          <reporter-output>
          </reporter-output>
        </test-method> <!-- Demo1Test -->
      </class> <!-- Pratice.Demo1Test -->
      <class name="Pratice.DemoTest">
        <test-method signature="DemoTest()[pri:0, instance:Pratice.DemoTest@28f3b248]" started-at="2023-08-29T10:14:17 IST" name="DemoTest" finished-at="2023-08-29T10:14:17 IST" duration-ms="2" status="PASS">
          <reporter-output>
          </reporter-output>
        </test-method> <!-- DemoTest -->
      </class> <!-- Pratice.DemoTest -->
    </test> <!-- Default test -->
  </suite> <!-- Default suite -->
</testng-results>
